2025-03-13 17:52:51,528 - INFO - Successfully loaded credentials
2025-03-13 17:52:51,529 - INFO - file_cache is only supported with oauth2client<4.0.0
2025-03-13 17:52:51,531 - INFO - Successfully created Google Sheets service
2025-03-13 17:52:54,400 - INFO - Retrieved 144 rows of data
2025-03-13 17:52:54,402 - WARNING - Column 'Tool Used' not found in sheet
2025-03-13 17:52:54,402 - WARNING - Column 'Feature' not found in sheet
2025-03-13 17:52:54,402 - WARNING - Column 'Context Awareness Rating' not found in sheet
2025-03-13 17:52:54,403 - WARNING - Column 'Autonomy Rating' not found in sheet
2025-03-13 17:52:54,403 - WARNING - Column 'Experience Rating' not found in sheet
2025-03-13 17:52:54,403 - WARNING - Column 'Output Quality Rating' not found in sheet
2025-03-13 17:52:54,403 - WARNING - Column 'Overall Satisfaction' not found in sheet
2025-03-13 17:52:54,403 - WARNING - Column 'POD' not found in sheet
2025-03-13 17:52:54,405 - INFO - Successfully filtered required columns
2025-03-13 17:52:54,405 - INFO - Data retrieval successful
2025-03-13 18:05:17,826 - INFO - Successfully loaded credentials
2025-03-13 18:05:17,826 - INFO - Successfully created Google Sheets service
2025-03-13 18:05:17,826 - ERROR - An error occurred: API Error
Traceback (most recent call last):
  File "/Users/surya.sandeep.boda/Desktop/Marscode Zero to One 3/extract_data.py", line 44, in get_google_sheet_data
    result = sheet.values().get(
  File "/Library/Developer/CommandLineTools/Library/Frameworks/Python3.framework/Versions/3.9/lib/python3.9/unittest/mock.py", line 1093, in __call__
    return self._mock_call(*args, **kwargs)
  File "/Library/Developer/CommandLineTools/Library/Frameworks/Python3.framework/Versions/3.9/lib/python3.9/unittest/mock.py", line 1097, in _mock_call
    return self._execute_mock_call(*args, **kwargs)
  File "/Library/Developer/CommandLineTools/Library/Frameworks/Python3.framework/Versions/3.9/lib/python3.9/unittest/mock.py", line 1152, in _execute_mock_call
    raise effect
Exception: API Error
2025-03-13 18:05:17,829 - INFO - Successfully loaded credentials
2025-03-13 18:05:17,829 - INFO - Successfully created Google Sheets service
2025-03-13 18:05:17,829 - ERROR - No data found in the sheet
2025-03-13 18:05:17,830 - INFO - Successfully loaded credentials
2025-03-13 18:05:17,830 - INFO - Successfully created Google Sheets service
2025-03-13 18:05:17,831 - INFO - Retrieved 1 rows of data
2025-03-13 18:05:17,834 - WARNING - Column 'Autonomy Rating' not found in sheet
2025-03-13 18:05:17,834 - WARNING - Column 'Experience Rating' not found in sheet
2025-03-13 18:05:17,834 - WARNING - Column 'Output Quality Rating' not found in sheet
2025-03-13 18:05:17,834 - WARNING - Column 'Overall Satisfaction' not found in sheet
2025-03-13 18:05:17,834 - WARNING - Column 'Unique ID' not found in sheet
2025-03-13 18:05:17,834 - WARNING - Column 'POD' not found in sheet
2025-03-13 18:05:17,835 - INFO - Successfully filtered required columns
2025-03-13 18:10:37,427 - INFO - Successfully loaded credentials
2025-03-13 18:10:37,427 - INFO - Successfully created Google Sheets service
2025-03-13 18:10:37,428 - ERROR - An error occurred: API Error
Traceback (most recent call last):
  File "/Users/surya.sandeep.boda/Desktop/Marscode Zero to One 3/extract_data.py", line 44, in get_google_sheet_data
    result = sheet.values().get(
  File "/Library/Developer/CommandLineTools/Library/Frameworks/Python3.framework/Versions/3.9/lib/python3.9/unittest/mock.py", line 1093, in __call__
    return self._mock_call(*args, **kwargs)
  File "/Library/Developer/CommandLineTools/Library/Frameworks/Python3.framework/Versions/3.9/lib/python3.9/unittest/mock.py", line 1097, in _mock_call
    return self._execute_mock_call(*args, **kwargs)
  File "/Library/Developer/CommandLineTools/Library/Frameworks/Python3.framework/Versions/3.9/lib/python3.9/unittest/mock.py", line 1152, in _execute_mock_call
    raise effect
Exception: API Error
2025-03-13 18:10:37,430 - INFO - Successfully loaded credentials
2025-03-13 18:10:37,430 - INFO - Successfully created Google Sheets service
2025-03-13 18:10:37,430 - ERROR - No data found in the sheet
2025-03-13 18:10:37,431 - INFO - Successfully loaded credentials
2025-03-13 18:10:37,431 - INFO - Successfully created Google Sheets service
2025-03-13 18:10:37,434 - INFO - Retrieved 1 rows of data
2025-03-13 18:10:37,436 - WARNING - Column 'Autonomy Rating' not found in sheet
2025-03-13 18:10:37,436 - WARNING - Column 'Experience Rating' not found in sheet
2025-03-13 18:10:37,436 - WARNING - Column 'Output Quality Rating' not found in sheet
2025-03-13 18:10:37,436 - WARNING - Column 'Overall Satisfaction' not found in sheet
2025-03-13 18:10:37,436 - WARNING - Column 'Unique ID' not found in sheet
2025-03-13 18:10:37,436 - WARNING - Column 'POD' not found in sheet
2025-03-13 18:10:37,437 - INFO - Successfully filtered required columns
2025-03-13 18:15:32,290 - INFO - Successfully loaded credentials
2025-03-13 18:15:32,291 - INFO - file_cache is only supported with oauth2client<4.0.0
2025-03-13 18:15:32,292 - INFO - Successfully created Google Sheets service
2025-03-13 18:15:35,144 - INFO - Retrieved 144 rows of data
2025-03-13 18:15:35,147 - WARNING - Column 'Tool Used' not found in sheet
2025-03-13 18:15:35,147 - WARNING - Column 'Feature' not found in sheet
2025-03-13 18:15:35,147 - WARNING - Column 'Context Awareness Rating' not found in sheet
2025-03-13 18:15:35,147 - WARNING - Column 'Autonomy Rating' not found in sheet
2025-03-13 18:15:35,147 - WARNING - Column 'Experience Rating' not found in sheet
2025-03-13 18:15:35,147 - WARNING - Column 'Output Quality Rating' not found in sheet
2025-03-13 18:15:35,147 - WARNING - Column 'Overall Satisfaction' not found in sheet
2025-03-13 18:15:35,148 - WARNING - Column 'POD' not found in sheet
2025-03-13 18:15:35,150 - INFO - Successfully filtered required columns
2025-03-13 18:15:35,151 - INFO - Data retrieval successful
2025-03-13 18:17:11,477 - INFO - Successfully loaded credentials
2025-03-13 18:17:11,478 - INFO - file_cache is only supported with oauth2client<4.0.0
2025-03-13 18:17:11,479 - INFO - Successfully created Google Sheets service
2025-03-13 18:17:13,625 - INFO - Retrieved 144 rows of data
2025-03-13 18:17:13,625 - INFO - Available columns in sheet: ['Timestamp', 'Email Address', 'Tool being used', 'Feature used', 'Task Objective', 'Repository Link', 'Repository: Public/Private', 'Repository: Lines of Code', '[Turn 1]: Prompt Category', '[Turn 1]: Prompt', '[Turn 1]: Model Response', '[Turn 1]: Model Response - File [Use only when response is too long]', '[Turn 1]: Observations', '[Turn 1]: Screenshots', '[Turn 2]: Prompt Category', '[Turn 2]: Prompt', '[Turn 2]: Model Response', '[Turn 2]: Model Response - File [Use only when response is too long]', '[Turn 2]: Observations', '[Turn 2]: Screenshot', '[Turn 3]: Prompt Category', '[Turn 3]: Prompt', '[Turn 3]: Model Response', '[Turn 3]: Model Response - File [Use only when response is too long]', '[Turn 3]: Observations', '[Turn 3]: Screenshot', '[Turn 4]: Prompt Category', '[Turn 4]: Prompt', '[Turn 4]: Model Response', '[Turn 4]: Model Response - File [Use only when response is too long]', '[Turn 4]: Observations', '[Turn 4]: Screenshot', '[Turn 5]: Prompt Category', '[Turn 5]: Prompt', '[Turn 5]: Model Response', '[Turn 5]: Model Response - File [Use only when response is too long]', '[Turn 5]: Observations', '[Turn 5]: Screenshot', '[Turn 6]: Prompt Category', '[Turn 6]: Prompt', '[Turn 6]: Model Response', '[Turn 6]: Model Response - File [Use only when response is too long]', '[Turn 6]: Observations', '[Turn 6]: Screenshot', '[Turn 7]: Prompt Category', '[Turn 7]: Prompt', '[Turn 7]: Model Response', '[Turn 7]: Model Response - File [Use only when response is too long]', '[Turn 7]: Observations', '[Turn 7]: Screenshot', 'Context Awareness', 'Context Awareness: Errors', 'Rationale for Context Awareness', 'Output Quality', 'Output Quality: Errors', 'Rationale for Output Quality', 'Autonomy', 'Autonomy: Errors', 'Rationale for Autonomy', 'Iteration Size and Speed', 'Iteration Size and Speed: Errors', 'Rationale for Iteration Size and Speed', 'Experience', 'Experience - Flexibility, Ease of Use and Reliability: Errors', 'Rationale for Experience', 'Loom Recording Link', 'Overall Rating', 'Rationale behind the overall rating', '[Turn 1]: Final Turn?', '[Turn 2]: Final Turn?', '[Turn 3]: Final Turn?', '[Turn 4]: Final Turn?', '[Turn 5]: Final Turn?', '[Turn 6]: Final Turn?', '[Turn 7]: Final Turn?', '[Turn 1]: Turn ID', '[Turn 2]: Turn ID', '[Turn 3]: Turn ID', '[Turn 4]: Turn ID', '[Turn 5]: Turn ID', '[Turn 6]: Turn ID', '[Turn 7]: Turn ID', 'Unique ID']
2025-03-13 18:17:13,627 - WARNING - Column 'Tool Used' not found in sheet
2025-03-13 18:17:13,627 - WARNING - Column 'Feature' not found in sheet
2025-03-13 18:17:13,627 - WARNING - Column 'Context Awareness Rating' not found in sheet
2025-03-13 18:17:13,628 - WARNING - Column 'Autonomy Rating' not found in sheet
2025-03-13 18:17:13,628 - WARNING - Column 'Experience Rating' not found in sheet
2025-03-13 18:17:13,628 - WARNING - Column 'Output Quality Rating' not found in sheet
2025-03-13 18:17:13,628 - WARNING - Column 'Overall Satisfaction' not found in sheet
2025-03-13 18:17:13,628 - WARNING - Column 'POD' not found in sheet
2025-03-13 18:17:13,630 - INFO - Successfully filtered required columns
2025-03-13 18:17:13,631 - INFO - Data retrieval successful
2025-03-13 18:19:11,025 - INFO - Successfully loaded credentials
2025-03-13 18:19:11,027 - INFO - file_cache is only supported with oauth2client<4.0.0
2025-03-13 18:19:11,029 - INFO - Successfully created Google Sheets service
2025-03-13 18:19:13,585 - INFO - Retrieved 144 rows of data
2025-03-13 18:19:13,585 - INFO - Available columns in sheet: ['Timestamp', 'Email Address', 'Tool being used', 'Feature used', 'Task Objective', 'Repository Link', 'Repository: Public/Private', 'Repository: Lines of Code', '[Turn 1]: Prompt Category', '[Turn 1]: Prompt', '[Turn 1]: Model Response', '[Turn 1]: Model Response - File [Use only when response is too long]', '[Turn 1]: Observations', '[Turn 1]: Screenshots', '[Turn 2]: Prompt Category', '[Turn 2]: Prompt', '[Turn 2]: Model Response', '[Turn 2]: Model Response - File [Use only when response is too long]', '[Turn 2]: Observations', '[Turn 2]: Screenshot', '[Turn 3]: Prompt Category', '[Turn 3]: Prompt', '[Turn 3]: Model Response', '[Turn 3]: Model Response - File [Use only when response is too long]', '[Turn 3]: Observations', '[Turn 3]: Screenshot', '[Turn 4]: Prompt Category', '[Turn 4]: Prompt', '[Turn 4]: Model Response', '[Turn 4]: Model Response - File [Use only when response is too long]', '[Turn 4]: Observations', '[Turn 4]: Screenshot', '[Turn 5]: Prompt Category', '[Turn 5]: Prompt', '[Turn 5]: Model Response', '[Turn 5]: Model Response - File [Use only when response is too long]', '[Turn 5]: Observations', '[Turn 5]: Screenshot', '[Turn 6]: Prompt Category', '[Turn 6]: Prompt', '[Turn 6]: Model Response', '[Turn 6]: Model Response - File [Use only when response is too long]', '[Turn 6]: Observations', '[Turn 6]: Screenshot', '[Turn 7]: Prompt Category', '[Turn 7]: Prompt', '[Turn 7]: Model Response', '[Turn 7]: Model Response - File [Use only when response is too long]', '[Turn 7]: Observations', '[Turn 7]: Screenshot', 'Context Awareness', 'Context Awareness: Errors', 'Rationale for Context Awareness', 'Output Quality', 'Output Quality: Errors', 'Rationale for Output Quality', 'Autonomy', 'Autonomy: Errors', 'Rationale for Autonomy', 'Iteration Size and Speed', 'Iteration Size and Speed: Errors', 'Rationale for Iteration Size and Speed', 'Experience', 'Experience - Flexibility, Ease of Use and Reliability: Errors', 'Rationale for Experience', 'Loom Recording Link', 'Overall Rating', 'Rationale behind the overall rating', '[Turn 1]: Final Turn?', '[Turn 2]: Final Turn?', '[Turn 3]: Final Turn?', '[Turn 4]: Final Turn?', '[Turn 5]: Final Turn?', '[Turn 6]: Final Turn?', '[Turn 7]: Final Turn?', '[Turn 1]: Turn ID', '[Turn 2]: Turn ID', '[Turn 3]: Turn ID', '[Turn 4]: Turn ID', '[Turn 5]: Turn ID', '[Turn 6]: Turn ID', '[Turn 7]: Turn ID', 'Unique ID']
2025-03-13 18:19:13,590 - INFO - Successfully filtered required columns
2025-03-13 18:19:13,591 - INFO - Data retrieval successful
